mode: set
github.com/dsundar/bookings/cmd/web/main.go:22.13,25.16 2 0
github.com/dsundar/bookings/cmd/web/main.go:25.16,27.3 1 0
github.com/dsundar/bookings/cmd/web/main.go:32.2,40.16 4 0
github.com/dsundar/bookings/cmd/web/main.go:44.18,62.16 11 1
github.com/dsundar/bookings/cmd/web/main.go:62.16,65.3 2 0
github.com/dsundar/bookings/cmd/web/main.go:66.2,74.12 6 1
github.com/dsundar/bookings/cmd/web/middleware.go:10.47,21.2 3 1
github.com/dsundar/bookings/cmd/web/middleware.go:24.50,26.2 1 1
github.com/dsundar/bookings/cmd/web/routes.go:12.49,39.2 18 1
