mode: set
github.com/dsundar/bookings/internal/forms/errors.go:8.44,10.2 1 1
github.com/dsundar/bookings/internal/forms/errors.go:14.42,16.18 2 1
github.com/dsundar/bookings/internal/forms/errors.go:16.18,18.3 1 1
github.com/dsundar/bookings/internal/forms/errors.go:19.2,19.14 1 1
github.com/dsundar/bookings/internal/forms/forms.go:18.29,20.2 1 1
github.com/dsundar/bookings/internal/forms/forms.go:23.33,28.2 1 1
github.com/dsundar/bookings/internal/forms/forms.go:31.42,32.26 1 1
github.com/dsundar/bookings/internal/forms/forms.go:32.26,34.37 2 1
github.com/dsundar/bookings/internal/forms/forms.go:34.37,36.4 1 1
github.com/dsundar/bookings/internal/forms/forms.go:41.39,44.13 2 1
github.com/dsundar/bookings/internal/forms/forms.go:44.13,47.3 2 1
github.com/dsundar/bookings/internal/forms/forms.go:48.2,48.13 1 1
github.com/dsundar/bookings/internal/forms/forms.go:51.57,54.21 2 1
github.com/dsundar/bookings/internal/forms/forms.go:54.21,57.3 2 1
github.com/dsundar/bookings/internal/forms/forms.go:58.2,58.13 1 1
github.com/dsundar/bookings/internal/forms/forms.go:63.38,64.40 1 1
github.com/dsundar/bookings/internal/forms/forms.go:64.40,66.3 1 1
