mode: set
github.com/dsundar/bookings/internal/handlers/handlers.go:33.62,38.2 1 0
github.com/dsundar/bookings/internal/handlers/handlers.go:40.51,45.2 1 1
github.com/dsundar/bookings/internal/handlers/handlers.go:48.33,50.2 1 1
github.com/dsundar/bookings/internal/handlers/handlers.go:54.67,56.2 1 1
github.com/dsundar/bookings/internal/handlers/handlers.go:59.74,61.9 2 1
github.com/dsundar/bookings/internal/handlers/handlers.go:61.9,66.3 3 1
github.com/dsundar/bookings/internal/handlers/handlers.go:69.2,70.16 2 1
github.com/dsundar/bookings/internal/handlers/handlers.go:70.16,74.3 3 1
github.com/dsundar/bookings/internal/handlers/handlers.go:76.2,98.4 8 1
github.com/dsundar/bookings/internal/handlers/handlers.go:102.78,104.16 2 1
github.com/dsundar/bookings/internal/handlers/handlers.go:104.16,108.3 3 1
github.com/dsundar/bookings/internal/handlers/handlers.go:110.2,111.16 2 1
github.com/dsundar/bookings/internal/handlers/handlers.go:111.16,115.3 3 0
github.com/dsundar/bookings/internal/handlers/handlers.go:116.2,124.16 5 1
github.com/dsundar/bookings/internal/handlers/handlers.go:124.16,128.3 3 1
github.com/dsundar/bookings/internal/handlers/handlers.go:130.2,131.16 2 1
github.com/dsundar/bookings/internal/handlers/handlers.go:131.16,135.3 3 1
github.com/dsundar/bookings/internal/handlers/handlers.go:137.2,138.16 2 1
github.com/dsundar/bookings/internal/handlers/handlers.go:138.16,142.3 3 1
github.com/dsundar/bookings/internal/handlers/handlers.go:144.2,166.19 11 1
github.com/dsundar/bookings/internal/handlers/handlers.go:166.19,175.3 5 1
github.com/dsundar/bookings/internal/handlers/handlers.go:177.2,178.16 2 1
github.com/dsundar/bookings/internal/handlers/handlers.go:178.16,182.3 3 1
github.com/dsundar/bookings/internal/handlers/handlers.go:184.2,193.16 3 1
github.com/dsundar/bookings/internal/handlers/handlers.go:193.16,197.3 3 1
github.com/dsundar/bookings/internal/handlers/handlers.go:199.2,201.66 2 1
github.com/dsundar/bookings/internal/handlers/handlers.go:206.75,211.2 3 1
github.com/dsundar/bookings/internal/handlers/handlers.go:214.79,221.16 5 1
github.com/dsundar/bookings/internal/handlers/handlers.go:221.16,225.3 3 1
github.com/dsundar/bookings/internal/handlers/handlers.go:226.2,227.16 2 0
github.com/dsundar/bookings/internal/handlers/handlers.go:227.16,231.3 3 0
github.com/dsundar/bookings/internal/handlers/handlers.go:233.2,234.16 2 0
github.com/dsundar/bookings/internal/handlers/handlers.go:234.16,238.3 3 0
github.com/dsundar/bookings/internal/handlers/handlers.go:239.2,239.21 1 0
github.com/dsundar/bookings/internal/handlers/handlers.go:239.21,243.3 3 0
github.com/dsundar/bookings/internal/handlers/handlers.go:245.2,256.4 5 0
github.com/dsundar/bookings/internal/handlers/handlers.go:270.79,272.16 2 1
github.com/dsundar/bookings/internal/handlers/handlers.go:272.16,281.3 5 1
github.com/dsundar/bookings/internal/handlers/handlers.go:282.2,292.16 8 1
github.com/dsundar/bookings/internal/handlers/handlers.go:292.16,301.3 5 0
github.com/dsundar/bookings/internal/handlers/handlers.go:302.2,313.14 4 1
github.com/dsundar/bookings/internal/handlers/handlers.go:318.70,323.2 3 1
github.com/dsundar/bookings/internal/handlers/handlers.go:326.71,331.2 3 1
github.com/dsundar/bookings/internal/handlers/handlers.go:334.69,339.2 3 1
github.com/dsundar/bookings/internal/handlers/handlers.go:342.68,346.2 1 1
github.com/dsundar/bookings/internal/handlers/handlers.go:349.81,352.9 2 0
github.com/dsundar/bookings/internal/handlers/handlers.go:352.9,357.3 4 0
github.com/dsundar/bookings/internal/handlers/handlers.go:359.2,374.4 7 0
github.com/dsundar/bookings/internal/handlers/handlers.go:378.73,384.17 3 0
github.com/dsundar/bookings/internal/handlers/handlers.go:384.17,387.3 2 0
github.com/dsundar/bookings/internal/handlers/handlers.go:388.2,389.16 2 0
github.com/dsundar/bookings/internal/handlers/handlers.go:389.16,393.3 3 0
github.com/dsundar/bookings/internal/handlers/handlers.go:395.2,396.9 2 0
github.com/dsundar/bookings/internal/handlers/handlers.go:396.9,399.3 2 0
github.com/dsundar/bookings/internal/handlers/handlers.go:401.2,404.63 4 0
github.com/dsundar/bookings/internal/handlers/handlers.go:408.71,420.16 9 0
github.com/dsundar/bookings/internal/handlers/handlers.go:420.16,424.3 3 0
github.com/dsundar/bookings/internal/handlers/handlers.go:425.2,429.63 3 0
