mode: set
github.com/dsundar/bookings/internal/handlers/handlers.go:26.47,30.2 1 1
github.com/dsundar/bookings/internal/handlers/handlers.go:33.33,35.2 1 1
github.com/dsundar/bookings/internal/handlers/handlers.go:39.67,44.2 3 1
github.com/dsundar/bookings/internal/handlers/handlers.go:47.74,59.2 6 1
github.com/dsundar/bookings/internal/handlers/handlers.go:62.78,64.16 2 1
github.com/dsundar/bookings/internal/handlers/handlers.go:64.16,67.3 2 0
github.com/dsundar/bookings/internal/handlers/handlers.go:69.2,84.19 6 1
github.com/dsundar/bookings/internal/handlers/handlers.go:84.19,93.3 4 0
github.com/dsundar/bookings/internal/handlers/handlers.go:95.2,96.66 2 1
github.com/dsundar/bookings/internal/handlers/handlers.go:101.75,106.2 3 1
github.com/dsundar/bookings/internal/handlers/handlers.go:109.79,114.2 3 1
github.com/dsundar/bookings/internal/handlers/handlers.go:122.79,128.16 3 1
github.com/dsundar/bookings/internal/handlers/handlers.go:128.16,130.3 1 0
github.com/dsundar/bookings/internal/handlers/handlers.go:132.2,133.14 2 1
github.com/dsundar/bookings/internal/handlers/handlers.go:138.70,143.2 3 1
github.com/dsundar/bookings/internal/handlers/handlers.go:146.71,151.2 3 1
github.com/dsundar/bookings/internal/handlers/handlers.go:154.69,159.2 3 1
github.com/dsundar/bookings/internal/handlers/handlers.go:162.68,175.2 5 1
github.com/dsundar/bookings/internal/handlers/handlers.go:177.81,180.9 2 1
github.com/dsundar/bookings/internal/handlers/handlers.go:180.9,187.3 4 1
github.com/dsundar/bookings/internal/handlers/handlers.go:189.2,196.4 4 0
